Determining if the function gethostbyname_r exists failed with the following output:
Change Dir: /Users/micha/dev/ScMaMike/src/build/CMakeFiles/CMakeTmp

Run Build Command(s):/Users/micha/bin/depot_tools/ninja cmTC_d0c8e 
[1/2] Building C object CMakeFiles/cmTC_d0c8e.dir/CheckFunctionExists.c.o
[2/2] Linking C executable cmTC_d0c8e
FAILED: cmTC_d0c8e 
: && /Applications/Xcode.app/Contents/Developer/Toolchains/XcodeDefault.xctoolchain/usr/bin/cc -DCHECK_FUNCTION_EXISTS=gethostbyname_r -isysroot /Applications/Xcode.app/Contents/Developer/Platforms/MacOSX.platform/Developer/SDKs/MacOSX10.15.sdk -mmacosx-version-min=10.14 -Wl,-search_paths_first -Wl,-headerpad_max_install_names  CMakeFiles/cmTC_d0c8e.dir/CheckFunctionExists.c.o  -o cmTC_d0c8e   && :
Undefined symbols for architecture x86_64:
  "_gethostbyname_r", referenced from:
      _main in CheckFunctionExists.c.o
ld: symbol(s) not found for architecture x86_64
clang: error: linker command failed with exit code 1 (use -v to see invocation)
ninja: build stopped: subcommand failed.


Determining if the function gethostbyaddr_r exists failed with the following output:
Change Dir: /Users/micha/dev/ScMaMike/src/build/CMakeFiles/CMakeTmp

Run Build Command(s):/Users/micha/bin/depot_tools/ninja cmTC_a8acc 
[1/2] Building C object CMakeFiles/cmTC_a8acc.dir/CheckFunctionExists.c.o
[2/2] Linking C executable cmTC_a8acc
FAILED: cmTC_a8acc 
: && /Applications/Xcode.app/Contents/Developer/Toolchains/XcodeDefault.xctoolchain/usr/bin/cc -DCHECK_FUNCTION_EXISTS=gethostbyaddr_r -isysroot /Applications/Xcode.app/Contents/Developer/Platforms/MacOSX.platform/Developer/SDKs/MacOSX10.15.sdk -mmacosx-version-min=10.14 -Wl,-search_paths_first -Wl,-headerpad_max_install_names  CMakeFiles/cmTC_a8acc.dir/CheckFunctionExists.c.o  -o cmTC_a8acc   && :
Undefined symbols for architecture x86_64:
  "_gethostbyaddr_r", referenced from:
      _main in CheckFunctionExists.c.o
ld: symbol(s) not found for architecture x86_64
clang: error: linker command failed with exit code 1 (use -v to see invocation)
ninja: build stopped: subcommand failed.


